1560766820169	mozrunner::runner	INFO	Running command: "C:\\Program Files\\Mozilla Firefox\\firefox.exe" "-marionette" "-foreground" "-no-remote" "-profile" "C:\\Users\\Admin\\AppData\\Local\\Temp\\rust_mozprofile.nvj4PMr8T3bU"
1560766820579	addons.webextension.screenshots@mozilla.org	WARN	Loading extension 'screenshots@mozilla.org': Reading manifest: Invalid extension permission: mozillaAddons
1560766820579	addons.webextension.screenshots@mozilla.org	WARN	Loading extension 'screenshots@mozilla.org': Reading manifest: Invalid extension permission: resource://pdf.js/
1560766820580	addons.webextension.screenshots@mozilla.org	WARN	Loading extension 'screenshots@mozilla.org': Reading manifest: Invalid extension permission: about:reader*
1560766822199	Marionette	INFO	Listening on port 62419
1560766822285	Marionette	WARN	TLS certificate errors will be ignored for this session
1560766822994	Marionette	INFO	Stopped listening on port 62419
[ChiJavaScript error: resource://gre/modules/Sqlite.jsm, line 834: Error: Connection is not open.
[GPU 8
###!!! [Child][RunMessage] Error: Channel closing: too late to send/recv, messages will be lost


###!!! [Child][MessageChannel::SendAndWait] Error: Channel error: cannot send/recv

1560767112358	mozrunner::runner	INFO	Running command: "C:\\Program Files\\Mozilla Firefox\\firefox.exe" "-marionette" "-foreground" "-no-remote" "-profile" "C:\\Users\\Admin\\AppData\\Local\\Temp\\rust_mozprofile.e1dBr97hGf1B"
1560767112712	addons.webextension.screenshots@mozilla.org	WARN	Loading extension 'screenshots@mozilla.org': Reading manifest: Invalid extension permission: mozillaAddons
1560767112712	addons.webextension.screenshots@mozilla.org	WARN	Loading extension 'screenshots@mozilla.org': Reading manifest: Invalid extension permission: resource://pdf.js/
1560767112712	addons.webextension.screenshots@mozilla.org	WARN	Loading extension 'screenshots@mozilla.org': Reading manifest: Invalid extension permission: about:reader*
1560767113894	Marionette	INFO	Listening on port 62787
1560767113970	Marionette	WARN	TLS certificate errors will be ignored for this session
1560767114599	Marionette	INFO	Stopped listening on port 62787
[Child 10368, Chrome_ChildThread] WARNING: pipe error: 109: file z:/task_1559936101/build/src/ipc/chromium/src/chrome/common/ipc_channel_win.cc, line 341
[Child 10368, [Parent 13256, Gecko_IOThread] WARNING: pipe error: 109: file z:/task_1559936101/build/src/ipc/chromium/src/chrome/common/ipc_channel_win.cc, line 341
[Child 9688, Chrome_ChildThread] WARNING: pipe error: 109: file z:/task_1559936101/build/src/ipc/chromium/src/chrome/common/ipc_channel_win.cc, line 341
[Child 9688, C[GPU 7
###!!! [Child][RunMessage] Error: Channel closing: too late to send/recv, messages will be lost

2
###!!! [Child][MessageChannel::SendAndWait] Error: Channel error: cannot send/recv

1560767237953	mozrunner::runner	INFO	Running command: "C:\\Program Files\\Mozilla Firefox\\firefox.exe" "-marionette" "-foreground" "-no-remote" "-profile" "C:\\Users\\Admin\\AppData\\Local\\Temp\\rust_mozprofile.l3OvUP38tyjp"
1560767238294	addons.webextension.screenshots@mozilla.org	WARN	Loading extension 'screenshots@mozilla.org': Reading manifest: Invalid extension permission: mozillaAddons
1560767238295	addons.webextension.screenshots@mozilla.org	WARN	Loading extension 'screenshots@mozilla.org': Reading manifest: Invalid extension permission: resource://pdf.js/
1560767238295	addons.webextension.screenshots@mozilla.org	WARN	Loading extension 'screenshots@mozilla.org': Reading manifest: Invalid extension permission: about:reader*
1560767239389	Marionette	INFO	Listening on port 62912
1560767239561	Marionette	WARN	TLS certificate errors will be ignored for this session
1560767240222	Marionette	INFO	Stopped listening on port 62912
[Parent 9360, Gecko_IOThread] WARNING: pipe error: 109: file z:/task_1559936101/build/src/ipc/chromium/src/chrome/common/ipc_channel_win.cc, line 341
[Child 10092, Chrome_ChildThread] WARNING: pipe error: 109: file z:/task_1559936101/build/src/ipc/chromium/src/chrome/common/ipc_channel_win.cc, line 341
[Child 10092, Chr[Child 11104, Chrome_ChildThread] WARNING: pipe error: 109: file z:/task_1559936101/build/src/ipc/chromium/src/chrome/common/ipc_channel_win.cc, line 341
[Child 1[Child 7092, Chrome_ChildThread] WARNING: pipe error: 109: file z:/task_1559936101/build/src/ipc/chromium/src/chrome/common/ipc_channel_win.cc, line 341
[Child 7092, Chrome_CJavaScript error: resource://gre/modules/Sqlite.jsm, line 834: Error: Connection is not open.
[GP
###!!! [Child][MessageChannel::SendAndWait] Error: Channel error: cannot send/recv

1560770525227	mozrunner::runner	INFO	Running command: "C:\\Program Files\\Mozilla Firefox\\firefox.exe" "-marionette" "-foreground" "-no-remote" "-profile" "C:\\Users\\Admin\\AppData\\Local\\Temp\\rust_mozprofile.EBN7EPvQhlFk"
1560770525568	addons.webextension.screenshots@mozilla.org	WARN	Loading extension 'screenshots@mozilla.org': Reading manifest: Invalid extension permission: mozillaAddons
1560770525568	addons.webextension.screenshots@mozilla.org	WARN	Loading extension 'screenshots@mozilla.org': Reading manifest: Invalid extension permission: resource://pdf.js/
1560770525568	addons.webextension.screenshots@mozilla.org	WARN	Loading extension 'screenshots@mozilla.org': Reading manifest: Invalid extension permission: about:reader*
1560770526734	Marionette	INFO	Listening on port 51732
1560770526839	Marionette	WARN	TLS certificate errors will be ignored for this session
1560770527299	Marionette	INFO	Stopped listening on port 51732
[Child 10820, Chrome_ChildThread] 
###!!! [Child][RunMessage] Error: Channel closing: too late to send/recv, messages will be lost

[Child 3500, Chrome_ChildThread] WARNING: pipe error: 109: file z:/task_1559936101/build/src/ipc/chromium/src/chrome/common/ipc_channel_win.cc, line 341
[Child 3500, Ch[GPU 10084, C
###!!! [Child][RunMessage] Error: Channel closing: too late to send/recv, messages will be lost


###!!! [Child][MessageChannel::SendAndWait] Error: Channel error: cannot send/recv

1560862563793	mozrunner::runner	INFO	Running command: "C:\\Program Files\\Mozilla Firefox\\firefox.exe" "-marionette" "-foreground" "-no-remote" "-profile" "C:\\Users\\Admin\\AppData\\Local\\Temp\\rust_mozprofile.kmovudhnzYF6"
1560862564540	addons.webextension.screenshots@mozilla.org	WARN	Loading extension 'screenshots@mozilla.org': Reading manifest: Invalid extension permission: mozillaAddons
1560862564540	addons.webextension.screenshots@mozilla.org	WARN	Loading extension 'screenshots@mozilla.org': Reading manifest: Invalid extension permission: resource://pdf.js/
1560862564540	addons.webextension.screenshots@mozilla.org	WARN	Loading extension 'screenshots@mozilla.org': Reading manifest: Invalid extension permission: about:reader*
1560862566026	Marionette	INFO	Listening on port 57124
1560862566511	Marionette	WARN	TLS certificate errors will be ignored for this session
1560862567364	Marionette	INFO	Stopped listening on port 57124
[Child 15692, Chrome_ChildThread] WARNING: pipe error: 109: file z:/task_1559936101/build/src/ipc/chromium/src/chrome/common/ipc_channel_win.cc, line 341
[Child 15692, Chrome_ChildThread[Child 15744, Chrome_ChildThread] WARNING: pipe error: 109: file z:/task_1559936101/build/src/ipc/chromium/src/chrome/common/ipc_channel_win.cc, line 341
[Child 15744, Chrome_ChildThread] WARNING: pipe error: 1[Parent 15800, Gecko_IOThread] WARNING: pipe error: 109: file z:/task_1559936101/build/src/ipc/chromium/src/chrome/common/ipc_channel_win.cc, line 341
[Child 15484, Chrome_ChildThread] WARNING: pipe error: 109: file z:/task_1559936101/build/src/ipc/chromium/src/chrome/common/ipc_channel_win.cc, line 341
[Child 15484, Chrome_ChildThread] WARNING:JavaScript error: resource://gre/modules/Sqlite.jsm, line 834: Error: Connection is not open.
[GPU 10432, C
###!!! [Child][MessageChannel::SendAndWait] Error: Channel error: cannot send/recv

1562154638783	mozrunner::runner	INFO	Running command: "C:\\Program Files\\Mozilla Firefox\\firefox.exe" "-marionette" "-foreground" "-no-remote" "-profile" "C:\\Users\\Admin\\AppData\\Local\\Temp\\rust_mozprofile.M6dAnAoeBZIi"
1562154639564	addons.webextension.screenshots@mozilla.org	WARN	Loading extension 'screenshots@mozilla.org': Reading manifest: Invalid extension permission: mozillaAddons
1562154639565	addons.webextension.screenshots@mozilla.org	WARN	Loading extension 'screenshots@mozilla.org': Reading manifest: Invalid extension permission: resource://pdf.js/
1562154639565	addons.webextension.screenshots@mozilla.org	WARN	Loading extension 'screenshots@mozilla.org': Reading manifest: Invalid extension permission: about:reader*
1562154640879	Marionette	INFO	Listening on port 60118
1562154640905	Marionette	WARN	TLS certificate errors will be ignored for this session
JavaScript error: https://sushibox:hello@ufa.sbstaging.ru/js/chunk-vendors.de95451a.js, line 65: SecurityError: The operation is insecure.
[GFX1-]: [D2D1.1] 4CreateBitmap failure Size(18960,120) Code: 0x80070057 format 0
[Parent 10520, Gecko_IOThread] WARNING: pipe error: 109: file z:/task_1559936101/build/src/ipc/chromium/src/chrome/common/ipc_channel_win.cc, line 341
[Child 11244, Chrome_ChildThread] WARNING: pipe error: 109: file z:/task_1559936101/build/src/ipc/chromium/src/chrome/common/ipc_channel_win.cc, line 341
[Child 11244, Chrome_ChildThread] WARNIN[Parent 10520, Gecko_IOThread] WARNING: pipe error: 109: file z:/task_1559936101/build/src/ipc/chromium/src/chrome/common/ipc_channel_win.cc, line 341
[Child 3568, Chrome_ChildThread] WARNING: pipe error: 109: file z:/task_1559936101/build/src/ipc/chromium/src/chrome/common/ipc_channel_win.cc, line 341
[Child 3568, C1562154652816	Marionette	INFO	Stopped listening on port 60118
[GPU 11580, Chr
###!!! [Child][MessageChannel::SendAndWait] Error: Channel error: cannot send/recv

1562154731107	mozrunner::runner	INFO	Running command: "C:\\Program Files\\Mozilla Firefox\\firefox.exe" "-marionette" "-foreground" "-no-remote" "-profile" "C:\\Users\\Admin\\AppData\\Local\\Temp\\rust_mozprofile.movhR8itio81"
1562154731429	addons.webextension.screenshots@mozilla.org	WARN	Loading extension 'screenshots@mozilla.org': Reading manifest: Invalid extension permission: mozillaAddons
1562154731429	addons.webextension.screenshots@mozilla.org	WARN	Loading extension 'screenshots@mozilla.org': Reading manifest: Invalid extension permission: resource://pdf.js/
1562154731429	addons.webextension.screenshots@mozilla.org	WARN	Loading extension 'screenshots@mozilla.org': Reading manifest: Invalid extension permission: about:reader*
1562154732532	Marionette	INFO	Listening on port 60325
1562154732720	Marionette	WARN	TLS certificate errors will be ignored for this session
JavaScript error: https://sushibox:hello@ufa.sbstaging.ru/js/chunk-vendors.de95451a.js, line 65: SecurityError: The operation is insecure.
[GFX1-]: [D2D1.1] 4CreateBitmap failure Size(18960,120) Code: 0x80070057 format 0
JavaScript error: https://sushibox:hello@ufa.sbstaging.ru/js/chunk-vendors.de95451a.js, line 65: SecurityError: The operation is insecure.
[GFX1-]: [D2D1.1] 4CreateBitmap failure Size(18960,120) Code: 0x80070057 format 0
[GFX1-]: [D2D1.1] 4CreateBitmap failure Size(18960,120) Code: 0x80070057 format 0
JavaScript error: https://sushibox:hello@ufa.sbstaging.ru/js/chunk-vendors.de95451a.js, line 65: SecurityError: The operation is insecure.
[Parent 9612, Gecko_IOThread] WARNING: pipe error: 109: file z:/task_1559936101/build/src/ipc/chromium/src/chrome/common/ipc_channel_win.cc, line 341
[GFX1-]: [D2D1.1] 4CreateBitmap failure Size(18960,120) Code: 0x80070057 format 0
[GFX1-]: [D2D1.1] 4CreateBitmap failure Size(18960,120) Code: 0x80070057 format 0
[Parent 9612, Gecko_IOThread] WARNING: pipe error: 109: file z:/task_1559936101/build/src/ipc/chromium/src/chrome/common/ipc_channel_win.cc, line 341
[Child 10392, Chrome_ChildThread] WARNING: pipe error: 109: file z:/task_1559936101/build/src/ipc/chromium/src/chrome/common/ipc_channel_win.cc, line 341
[Parent 9612, Gecko_IOThread] WARNING: pipe error: 109: file z:/task_1559936101/build/src/ipc/chromium/src/chrome/common/ipc_channel_win.cc, line 341
[Parent 9612, Gecko_IOThread] WARNING: pipe error: 109: file z:/task_1559936101/build/src/ipc/chromium/src/chrome/common/ipc_channel_win.cc, line 341
[Child 14048, Chrome_ChildThread] WARNING: pipe error: 109: file z:/task_1559936101/build/src/ipc/chromium/src/chrome/common/ipc_channel_win.cc, line 341
[Child 14048, Chrome_ChildThread1562154836152	Marionette	INFO	Stopped listening on port 60325

###!!! [Child][RunMessage] Error: Channel closing: too late to send/recv, messages will be lost


###!!! [Child][MessageChannel::SendAndWait] Error: Channel error: cannot send/recv

1562154842165	mozrunner::runner	INFO	Running command: "C:\\Program Files\\Mozilla Firefox\\firefox.exe" "-marionette" "-foreground" "-no-remote" "-profile" "C:\\Users\\Admin\\AppData\\Local\\Temp\\rust_mozprofile.iMrcoRJVlw47"
1562154842509	addons.webextension.screenshots@mozilla.org	WARN	Loading extension 'screenshots@mozilla.org': Reading manifest: Invalid extension permission: mozillaAddons
1562154842509	addons.webextension.screenshots@mozilla.org	WARN	Loading extension 'screenshots@mozilla.org': Reading manifest: Invalid extension permission: resource://pdf.js/
1562154842509	addons.webextension.screenshots@mozilla.org	WARN	Loading extension 'screenshots@mozilla.org': Reading manifest: Invalid extension permission: about:reader*
1562154843641	Marionette	INFO	Listening on port 60571
1562154843775	Marionette	WARN	TLS certificate errors will be ignored for this session
JavaScript error: https://sushibox:hello@ufa.sbstaging.ru/js/chunk-vendors.de95451a.js, line 65: SecurityError: The operation is insecure.
[Parent 13632, Gecko_IOThread] WARNING: pipe error: 109: file z:/task_1559936101/build/src/ipc/chromium/src/chrome/common/ipc_channel_win.cc, line 341
[GFX1-]: [D2D1.1] 4CreateBitmap failure Size(18960,120) Code: 0x80070057 format 0
[Parent 13632, Gecko_IOThread] WARNING: pipe error: 109: file z:/task_1559936101/build/src/ipc/chromium/src/chrome/common/ipc_channel_win.cc, line 341
[Child 13924, Chrome_ChildThread] WARNING: pipe error: 109: file z:/task_1559936101/build/src/ipc/chromium/src/chrome/common/ipc_channel_win.cc, line 341
[Child 13924, Chrome_ChildThread] WARNING: pipe error: 109: file z:/task_1559936101/build/src/ipc/chromium/src/chrome/common/ipc_channel_win.cc, line 341
[Parent 13632, Gecko_IOThread] WARNING: pipe error: 109: file z:/task_1559936101/build/src/ipc/chromium/src/chrome/common/ipc_channel_win.cc, line 341
[Child 7300, Chrome_ChildThread] WARNING: pipe error: 109: file z:/task_1559936101/build/src/ipc/chromium/src/chrome/common/ipc_channel_win.cc, line 341
[Child 7300, Chrome_ChildThread] WARNING: pipe error: 109: file z:/task_1559936101/build/1562154917688	Marionette	INFO	Stopped listening on port 60571
[GPU 10104, 
###!!! [Child][MessageChannel::SendAndWait] Error: Channel error: cannot send/recv

1562154942370	mozrunner::runner	INFO	Running command: "C:\\Program Files\\Mozilla Firefox\\firefox.exe" "-marionette" "-foreground" "-no-remote" "-profile" "C:\\Users\\Admin\\AppData\\Local\\Temp\\rust_mozprofile.BuNla4UzzyKG"
1562154942745	addons.webextension.screenshots@mozilla.org	WARN	Loading extension 'screenshots@mozilla.org': Reading manifest: Invalid extension permission: mozillaAddons
1562154942746	addons.webextension.screenshots@mozilla.org	WARN	Loading extension 'screenshots@mozilla.org': Reading manifest: Invalid extension permission: resource://pdf.js/
1562154942746	addons.webextension.screenshots@mozilla.org	WARN	Loading extension 'screenshots@mozilla.org': Reading manifest: Invalid extension permission: about:reader*
1562154943995	Marionette	INFO	Listening on port 60755
1562154944480	Marionette	WARN	TLS certificate errors will be ignored for this session
JavaScript error: https://sushibox:hello@ufa.sbstaging.ru/js/chunk-vendors.de95451a.js, line 65: SecurityError: The operation is insecure.
JavaScript error: https://sushibox:hello@ufa.sbstaging.ru/js/chunk-vendors.de95451a.js, line 65: SecurityError: The operation is insecure.
[GFX1-]: [D2D1.1] 4CreateBitmap failure Size(18960,120) Code: 0x80070057 format 0
[Parent 9808, Gecko_IOThread] WARNING: pipe error: 109: file z:/task_1559936101/build/src/ipc/chromium/src/chrome/common/ipc_channel_win.cc, line 341
[Parent 9808, Gecko_IOThread] WARNING: pipe error: 109: file z:/task_1559936101/build/src/ipc/chromium/src/chrome/common/ipc_channel_win.cc, line 341
[Child 4188, Chrome_ChildThread] WARNING: pipe error: 109: file z:/task_1559936101/build/src/ipc/chromium/src/chrome/common/ipc_channel_win.cc, line 341
[Child 4188, Chrome_ChildT[Child 7400, Chrome_ChildThread] WARNING: pipe error: 109: file z:/task_1559936101/build/src/ipc/chromium/src/chrome/common/ipc_channel_win.cc, line 341
[Child 7400, Chrom[Child 5588, Chrome_ChildThread] WARNING: pipe error: 109: file z:/task_1559936101/build/src/ipc/chromium/src/chrome/common/ipc_channel_win.cc, line 341
[Child 5588, 1562154961372	Marionette	INFO	Stopped listening on port 60755
[GPU 1
###!!! [Child][MessageChannel::SendAndWait] Error: Channel error: cannot send/recv

1562154978723	mozrunner::runner	INFO	Running command: "C:\\Program Files\\Mozilla Firefox\\firefox.exe" "-marionette" "-foreground" "-no-remote" "-profile" "C:\\Users\\Admin\\AppData\\Local\\Temp\\rust_mozprofile.1UIIBRH8jYai"
1562154979076	addons.webextension.screenshots@mozilla.org	WARN	Loading extension 'screenshots@mozilla.org': Reading manifest: Invalid extension permission: mozillaAddons
1562154979077	addons.webextension.screenshots@mozilla.org	WARN	Loading extension 'screenshots@mozilla.org': Reading manifest: Invalid extension permission: resource://pdf.js/
1562154979077	addons.webextension.screenshots@mozilla.org	WARN	Loading extension 'screenshots@mozilla.org': Reading manifest: Invalid extension permission: about:reader*
1562154980808	Marionette	INFO	Listening on port 60862
1562154980833	Marionette	WARN	TLS certificate errors will be ignored for this session
JavaScript error: https://sushibox:hello@ufa.sbstaging.ru/js/chunk-vendors.de95451a.js, line 65: SecurityError: The operation is insecure.
JavaScript error: https://sushibox:hello@ufa.sbstaging.ru/js/chunk-vendors.de95451a.js, line 65: SecurityError: The operation is insecure.
[Parent 2220, Gecko_IOThread] WARNING: pipe error: 109: file z:/task_1559936101/build/src/ipc/chromium/src/chrome/common/ipc_channel_win.cc, line 341
[GFX1-]: [D2D1.1] 4CreateBitmap failure Size(18960,120) Code: 0x80070057 format 0
JavaScript error: https://sushibox:hello@ufa.sbstaging.ru/js/chunk-vendors.de95451a.js, line 65: SecurityError: The operation is insecure.
[Parent 2220, Gecko_IOThread] WARNING: pipe error: 109: file z:/task_1559936101/build/src/ipc/chromium/src/chrome/common/ipc_channel_win.cc, line 341
JavaScript error: https://sushibox:hello@ufa.sbstaging.ru/js/chunk-vendors.de95451a.js, line 65: SecurityError: The operation is insecure.
IPDL protocol error: Handler returned error code!

###!!! [Parent][DispatchAsyncMessage] Error: PLayerTransaction::Msg_ReleaseLayer Processing error: message was deserialized, but the handler returned false (indicating failure)

[Parent 2220, Gecko_IOThread] WARNING: pipe error: 109: file z:/task_1559936101/build/src/ipc/chromium/src/chrome/common/ipc_channel_win.cc, line 341
[Child 12724, Chrome_ChildThread] WARNING: pipe error: 109: file z:/task_1559936101/build/src/ipc/chromium/src/chrome/common/ipc_channel_win.cc, line 341
[Child 12724, Chrome_ChildThread]1562154999543	Marionette	INFO	Stopped listening on port 60862
[GPU 120
###!!! [Child][RunMessage] Error: Channel closing: too late to send/recv, messages will be lost

0
###!!! [Child][MessageChannel::SendAndWait] Error: Channel error: cannot send/recv

1562155050325	mozrunner::runner	INFO	Running command: "C:\\Program Files\\Mozilla Firefox\\firefox.exe" "-marionette" "-foreground" "-no-remote" "-profile" "C:\\Users\\Admin\\AppData\\Local\\Temp\\rust_mozprofile.D3uRyIpR4fN1"
1562155068968	mozrunner::runner	INFO	Running command: "C:\\Program Files\\Mozilla Firefox\\firefox.exe" "-marionette" "-foreground" "-no-remote" "-profile" "C:\\Users\\Admin\\AppData\\Local\\Temp\\rust_mozprofile.pTQIRJmMxuvT"
1562155069330	addons.webextension.screenshots@mozilla.org	WARN	Loading extension 'screenshots@mozilla.org': Reading manifest: Invalid extension permission: mozillaAddons
1562155069330	addons.webextension.screenshots@mozilla.org	WARN	Loading extension 'screenshots@mozilla.org': Reading manifest: Invalid extension permission: resource://pdf.js/
1562155069330	addons.webextension.screenshots@mozilla.org	WARN	Loading extension 'screenshots@mozilla.org': Reading manifest: Invalid extension permission: about:reader*
1562155070900	Marionette	INFO	Listening on port 61172
1562155071086	Marionette	WARN	TLS certificate errors will be ignored for this session
JavaScript error: https://sushibox:hello@ufa.sbstaging.ru/js/chunk-vendors.de95451a.js, line 65: SecurityError: The operation is insecure.
[Parent 7072, Gecko_IOThread] WARNING: pipe error: 109: file z:/task_1560988636/build/src/ipc/chromium/src/chrome/common/ipc_channel_win.cc, line 341
JavaScript error: https://sushibox:hello@ufa.sbstaging.ru/js/chunk-vendors.de95451a.js, line 65: SecurityError: The operation is insecure.
[Parent 7072, Gecko_IOThread] WARNING: pipe error: 109: file z:/task_1560988636/build/src/ipc/chromium/src/chrome/common/ipc_channel_win.cc, line 341
[GFX1-]: [D2D1.1] 4CreateBitmap failure Size(18960,120) Code: 0x80070057 format 0
JavaScript error: chrome://marionette/content/proxy.js, line 275: NS_ERROR_ILLEGAL_VALUE
[Parent 7072, Gecko_IOThread] WARNING: pipe error: 109: file z:/task_1560988636/build/src/ipc/chromium/src/chrome/common/ipc_channel_win.cc, line 341
[Child 12604, Chrome_ChildThread] WARNING: pipe error: 109: file z:/task_1560988636/build/src/ipc/chromium/src/chrome/common/ipc_channel_win.cc, line 341
[Child 12604, Chrome_ChildThread] WAR[Parent 7072, Gecko_IOThread] WARNING: pipe error: 109: file z:/task_1560988636/build/src/ipc/chromium/src/chrome/common/ipc_channel_win.cc, line 341
[Child 1932, Chrome_ChildThread] WARNING: pipe error: 109: file z:/task_1560988636/build/src/ipc/chromium/src/chrome/common/ipc_channel_win.cc, line 341
[Child 1932, Chrome_ChildThread] WARNING: pipe error: 109: file z:/task_1560988636/build/src/ipc/chromium/src/chrome/common/ipc_channel_win.cc, line 341
1562155080258	Marionette	INFO	Stopped listening on port 61172
[GPU 12444
###!!! [Child][MessageChannel::SendAndWait] Error: Channel error: cannot send/recv

1562155112702	mozrunner::runner	INFO	Running command: "C:\\Program Files\\Mozilla Firefox\\firefox.exe" "-marionette" "-foreground" "-no-remote" "-profile" "C:\\Users\\Admin\\AppData\\Local\\Temp\\rust_mozprofile.VuQDyb7g6FEt"
1562155113082	addons.webextension.screenshots@mozilla.org	WARN	Loading extension 'screenshots@mozilla.org': Reading manifest: Invalid extension permission: mozillaAddons
1562155113083	addons.webextension.screenshots@mozilla.org	WARN	Loading extension 'screenshots@mozilla.org': Reading manifest: Invalid extension permission: resource://pdf.js/
1562155113083	addons.webextension.screenshots@mozilla.org	WARN	Loading extension 'screenshots@mozilla.org': Reading manifest: Invalid extension permission: about:reader*
1562155114402	Marionette	INFO	Listening on port 61289
1562155114824	Marionette	WARN	TLS certificate errors will be ignored for this session
JavaScript error: https://sushibox:hello@ufa.sbstaging.ru/js/chunk-vendors.de95451a.js, line 65: SecurityError: The operation is insecure.
JavaScript error: https://sushibox:hello@ufa.sbstaging.ru/js/chunk-vendors.de95451a.js, line 65: SecurityError: The operation is insecure.
[Parent 7072, Gecko_IOThread] WARNING: pipe error: 109: file z:/task_1560988636/build/src/ipc/chromium/src/chrome/common/ipc_channel_win.cc, line 341
[Child 9408, Chrome_ChildThread] WARNING: pipe error: 109: file z:/task_1560988636/build/src/ipc/chromium/src/chrome/common/ipc_channel_win.cc, line 341
[Child 9408, Chrome_ChildThread] WARNING: pipe error: 10[Child 3024, Chrome_ChildThread] WARNING: pipe error: 109: file z:/task_1560988636/build/src/ipc/chromium/src/chrome/common/ipc_channel_win.cc, line 341
[Child 3024, Chrome_ChildThread] WARNING: pipe error: 109: file z:/task_1560988636/build/src/ipc/chromium/src/chrome/common/ipc_channel_win.cc, line 341
[Parent 7072, Gecko_IOThread] WARNING: pipe error: 109: file z:/task_1560988636/build/src/ipc/chromium/src/chrome/common/ipc_channel_win.cc, line 341
1562155122275	Marionette	INFO	Stopped listening on port 61289
[GPU
###!!! [Child][RunMessage] Error: Channel closing: too late to send/recv, messages will be lost

 
###!!! [Child][MessageChannel::SendAndWait] Error: Channel error: cannot send/recv

1562155144810	mozrunner::runner	INFO	Running command: "C:\\Program Files\\Mozilla Firefox\\firefox.exe" "-marionette" "-foreground" "-no-remote" "-profile" "C:\\Users\\Admin\\AppData\\Local\\Temp\\rust_mozprofile.cT938RTtaG5Q"
1562155145165	addons.webextension.screenshots@mozilla.org	WARN	Loading extension 'screenshots@mozilla.org': Reading manifest: Invalid extension permission: mozillaAddons
1562155145165	addons.webextension.screenshots@mozilla.org	WARN	Loading extension 'screenshots@mozilla.org': Reading manifest: Invalid extension permission: resource://pdf.js/
1562155145165	addons.webextension.screenshots@mozilla.org	WARN	Loading extension 'screenshots@mozilla.org': Reading manifest: Invalid extension permission: about:reader*
1562155146317	Marionette	INFO	Listening on port 61390
1562155146424	Marionette	WARN	TLS certificate errors will be ignored for this session
JavaScript error: https://sushibox:hello@ufa.sbstaging.ru/js/chunk-vendors.de95451a.js, line 65: SecurityError: The operation is insecure.
JavaScript error: https://sushibox:hello@ufa.sbstaging.ru/js/chunk-vendors.de95451a.js, line 65: SecurityError: The operation is insecure.
[GFX1-]: [D2D1.1] 4CreateBitmap failure Size(18960,120) Code: 0x80070057 format 0

###!!! [Child][RunMessage] Error: Channel closing: too late to send/recv, messages will be lost

1562155156410	Marionette	INFO	Stopped listening on port 61390
[GPU 1266
###!!! [Child][RunMessage] Error: Channel closing: too late to send/recv, messages will be lost


###!!! [Child][MessageChannel::SendAndWait] Error: Channel error: cannot send/recv

1563260534854	mozrunner::runner	INFO	Running command: "C:\\Program Files\\Mozilla Firefox\\firefox.exe" "-marionette" "-foreground" "-no-remote" "-profile" "C:\\Users\\Admin\\AppData\\Local\\Temp\\rust_mozprofile.jFff3fl9CgU9"
1563260535657	addons.webextension.screenshots@mozilla.org	WARN	Loading extension 'screenshots@mozilla.org': Reading manifest: Invalid extension permission: mozillaAddons
1563260535657	addons.webextension.screenshots@mozilla.org	WARN	Loading extension 'screenshots@mozilla.org': Reading manifest: Invalid extension permission: resource://pdf.js/
1563260535658	addons.webextension.screenshots@mozilla.org	WARN	Loading extension 'screenshots@mozilla.org': Reading manifest: Invalid extension permission: about:reader*
1563260537015	Marionette	INFO	Listening on port 61626
1563260537072	Marionette	WARN	TLS certificate errors will be ignored for this session
JavaScript error: https://sushibox:hello@ufa.sbstaging.ru/js/chunk-vendors.6391b4dd.js, line 65: SecurityError: The operation is insecure.
[Parent 10980, Gecko_IOThread] WARNING: pipe error: 109: file z:/task_1560988636/build/src/ipc/chromium/src/chrome/common/ipc_channel_win.cc, line 341
[Parent 10980, Gecko_IOThread] WARNING: pipe error: 109: file z:/task_1560988636/build/src/ipc/chromium/src/chrome/common/ipc_channel_win.cc, line 341
[Parent 10980, Gecko_IOThread] WARNING: pipe error: 109: file z:/task_1560988636/build/src/ipc/chromium/src/chrome/common/ipc_channel_win.cc, line 341
1563260541367	Marionette	INFO	Stopped listening on port 61626
[GPU 11624,
###!!! [Child][RunMessage] Error: Channel closing: too late to send/recv, messages will be lost


###!!! [Child][MessageChannel::SendAndWait] Error: Channel error: cannot send/recv

